2015-04-06 11:28:23.502【INTERNAL】asus|009| [AppenderAttachedImpl: Failed to append to appender [db]] [System.TypeInitializationException: “RMS.Logging.DbLoggingHelper”的类型初始值设定项引发异常。 ---> System.IO.FileNotFoundException: 未能加载文件或程序集“file:///F:\RMS\RMS\DataAccess\bin\Debug\DataAccess.dll”或它的某一个依赖项。系统找不到指定的文件。
   在 System.Reflection.RuntimeAssembly._nLoad(AssemblyName fileName, String codeBase, Evidence assemblySecurity, RuntimeAssembly locationHint, StackCrawlMark& stackMark, IntPtr pPrivHostBinder, Boolean throwOnFileNotFound, Boolean forIntrospection, Boolean suppressSecurityChecks)
   在 System.Reflection.RuntimeAssembly.nLoad(AssemblyName fileName, String codeBase, Evidence assemblySecurity, RuntimeAssembly locationHint, StackCrawlMark& stackMark, IntPtr pPrivHostBinder, Boolean throwOnFileNotFound, Boolean forIntrospection, Boolean suppressSecurityChecks)
   在 System.Reflection.RuntimeAssembly.InternalLoadAssemblyName(AssemblyName assemblyRef, Evidence assemblySecurity, RuntimeAssembly reqAssembly, StackCrawlMark& stackMark, IntPtr pPrivHostBinder, Boolean throwOnFileNotFound, Boolean forIntrospection, Boolean suppressSecurityChecks)
   在 System.Reflection.RuntimeAssembly.InternalLoadFrom(String assemblyFile, Evidence securityEvidence, Byte[] hashValue, AssemblyHashAlgorithm hashAlgorithm, Boolean forIntrospection, Boolean suppressSecurityChecks, StackCrawlMark& stackMark)
   在 System.Reflection.Assembly.LoadFrom(String assemblyFile)
   在 RMS.Logging.DbLoggingHelper..cctor() 位置 f:\RMS\RMS\Logging\Appender\ConcreteAppenders\DbLoggingHelper.cs:行号 22
   --- 内部异常堆栈跟踪的结尾 ---
   在 RMS.Logging.DbLoggingHelper.WriteLogToDb(LogEntry logEntry)
   在 RMS.Logging.SqlDbAppender.DoAppender(LogEntry logEntry) 位置 f:\RMS\RMS\Logging\Appender\ConcreteAppenders\SqlDbAppender.cs:行号 29
   在 RMS.Logging.AppenderAttachedImpl.AppendLoopOnAppenders(LogEntry logEntry) 位置 f:\RMS\RMS\Logging\AppenderAttachedImpl.cs:行号 51] |AppendLoopOnAppenders in AppenderAttachedImpl.cs:55
2015-04-06 15:58:56.721【INTERNAL】asus|010| [AppenderAttachedImpl: Failed to append to appender [db]] [System.TypeInitializationException: “RMS.Logging.DbLoggingHelper”的类型初始值设定项引发异常。 ---> System.IO.FileNotFoundException: 未能加载文件或程序集“file:///F:\RMS\RMS\DataAccess\bin\Debug\DataAccess.dll”或它的某一个依赖项。系统找不到指定的文件。
   在 System.Reflection.RuntimeAssembly._nLoad(AssemblyName fileName, String codeBase, Evidence assemblySecurity, RuntimeAssembly locationHint, StackCrawlMark& stackMark, IntPtr pPrivHostBinder, Boolean throwOnFileNotFound, Boolean forIntrospection, Boolean suppressSecurityChecks)
   在 System.Reflection.RuntimeAssembly.nLoad(AssemblyName fileName, String codeBase, Evidence assemblySecurity, RuntimeAssembly locationHint, StackCrawlMark& stackMark, IntPtr pPrivHostBinder, Boolean throwOnFileNotFound, Boolean forIntrospection, Boolean suppressSecurityChecks)
   在 System.Reflection.RuntimeAssembly.InternalLoadAssemblyName(AssemblyName assemblyRef, Evidence assemblySecurity, RuntimeAssembly reqAssembly, StackCrawlMark& stackMark, IntPtr pPrivHostBinder, Boolean throwOnFileNotFound, Boolean forIntrospection, Boolean suppressSecurityChecks)
   在 System.Reflection.RuntimeAssembly.InternalLoadFrom(String assemblyFile, Evidence securityEvidence, Byte[] hashValue, AssemblyHashAlgorithm hashAlgorithm, Boolean forIntrospection, Boolean suppressSecurityChecks, StackCrawlMark& stackMark)
   在 System.Reflection.Assembly.LoadFrom(String assemblyFile)
   在 RMS.Logging.DbLoggingHelper..cctor() 位置 f:\RMS\RMS\Logging\Appender\ConcreteAppenders\DbLoggingHelper.cs:行号 22
   --- 内部异常堆栈跟踪的结尾 ---
   在 RMS.Logging.DbLoggingHelper.WriteLogToDb(LogEntry logEntry)
   在 RMS.Logging.SqlDbAppender.DoAppender(LogEntry logEntry) 位置 f:\RMS\RMS\Logging\Appender\ConcreteAppenders\SqlDbAppender.cs:行号 29
   在 RMS.Logging.AppenderAttachedImpl.AppendLoopOnAppenders(LogEntry logEntry) 位置 f:\RMS\RMS\Logging\AppenderAttachedImpl.cs:行号 51] |AppendLoopOnAppenders in AppenderAttachedImpl.cs:55
2015-04-06 16:00:01.034【INTERNAL】asus|010| [AppenderAttachedImpl: Failed to append to appender [db]] [System.TypeInitializationException: “RMS.Logging.DbLoggingHelper”的类型初始值设定项引发异常。 ---> System.IO.FileNotFoundException: 未能加载文件或程序集“file:///F:\RMS\RMS\DataAccess\bin\Debug\DataAccess.dll”或它的某一个依赖项。系统找不到指定的文件。
   在 System.Reflection.RuntimeAssembly._nLoad(AssemblyName fileName, String codeBase, Evidence assemblySecurity, RuntimeAssembly locationHint, StackCrawlMark& stackMark, IntPtr pPrivHostBinder, Boolean throwOnFileNotFound, Boolean forIntrospection, Boolean suppressSecurityChecks)
   在 System.Reflection.RuntimeAssembly.nLoad(AssemblyName fileName, String codeBase, Evidence assemblySecurity, RuntimeAssembly locationHint, StackCrawlMark& stackMark, IntPtr pPrivHostBinder, Boolean throwOnFileNotFound, Boolean forIntrospection, Boolean suppressSecurityChecks)
   在 System.Reflection.RuntimeAssembly.InternalLoadAssemblyName(AssemblyName assemblyRef, Evidence assemblySecurity, RuntimeAssembly reqAssembly, StackCrawlMark& stackMark, IntPtr pPrivHostBinder, Boolean throwOnFileNotFound, Boolean forIntrospection, Boolean suppressSecurityChecks)
   在 System.Reflection.RuntimeAssembly.InternalLoadFrom(String assemblyFile, Evidence securityEvidence, Byte[] hashValue, AssemblyHashAlgorithm hashAlgorithm, Boolean forIntrospection, Boolean suppressSecurityChecks, StackCrawlMark& stackMark)
   在 System.Reflection.Assembly.LoadFrom(String assemblyFile)
   在 RMS.Logging.DbLoggingHelper..cctor() 位置 f:\RMS\RMS\Logging\Appender\ConcreteAppenders\DbLoggingHelper.cs:行号 22
   --- 内部异常堆栈跟踪的结尾 ---
   在 RMS.Logging.DbLoggingHelper.WriteLogToDb(LogEntry logEntry)
   在 RMS.Logging.SqlDbAppender.DoAppender(LogEntry logEntry) 位置 f:\RMS\RMS\Logging\Appender\ConcreteAppenders\SqlDbAppender.cs:行号 29
   在 RMS.Logging.AppenderAttachedImpl.AppendLoopOnAppenders(LogEntry logEntry) 位置 f:\RMS\RMS\Logging\AppenderAttachedImpl.cs:行号 51] |AppendLoopOnAppenders in AppenderAttachedImpl.cs:55
2015-04-06 16:03:47.278【INTERNAL】asus|009| [AppenderAttachedImpl: Failed to append to appender [db]] [System.TypeInitializationException: “RMS.Logging.DbLoggingHelper”的类型初始值设定项引发异常。 ---> System.IO.FileNotFoundException: 未能加载文件或程序集“file:///F:\RMS\RMS\DataAccess\bin\Debug\DataAccess.dll”或它的某一个依赖项。系统找不到指定的文件。
   在 System.Reflection.RuntimeAssembly._nLoad(AssemblyName fileName, String codeBase, Evidence assemblySecurity, RuntimeAssembly locationHint, StackCrawlMark& stackMark, IntPtr pPrivHostBinder, Boolean throwOnFileNotFound, Boolean forIntrospection, Boolean suppressSecurityChecks)
   在 System.Reflection.RuntimeAssembly.nLoad(AssemblyName fileName, String codeBase, Evidence assemblySecurity, RuntimeAssembly locationHint, StackCrawlMark& stackMark, IntPtr pPrivHostBinder, Boolean throwOnFileNotFound, Boolean forIntrospection, Boolean suppressSecurityChecks)
   在 System.Reflection.RuntimeAssembly.InternalLoadAssemblyName(AssemblyName assemblyRef, Evidence assemblySecurity, RuntimeAssembly reqAssembly, StackCrawlMark& stackMark, IntPtr pPrivHostBinder, Boolean throwOnFileNotFound, Boolean forIntrospection, Boolean suppressSecurityChecks)
   在 System.Reflection.RuntimeAssembly.InternalLoadFrom(String assemblyFile, Evidence securityEvidence, Byte[] hashValue, AssemblyHashAlgorithm hashAlgorithm, Boolean forIntrospection, Boolean suppressSecurityChecks, StackCrawlMark& stackMark)
   在 System.Reflection.Assembly.LoadFrom(String assemblyFile)
   在 RMS.Logging.DbLoggingHelper..cctor() 位置 f:\RMS\RMS\Logging\Appender\ConcreteAppenders\DbLoggingHelper.cs:行号 22
   --- 内部异常堆栈跟踪的结尾 ---
   在 RMS.Logging.DbLoggingHelper.WriteLogToDb(LogEntry logEntry)
   在 RMS.Logging.SqlDbAppender.DoAppender(LogEntry logEntry) 位置 f:\RMS\RMS\Logging\Appender\ConcreteAppenders\SqlDbAppender.cs:行号 29
   在 RMS.Logging.AppenderAttachedImpl.AppendLoopOnAppenders(LogEntry logEntry) 位置 f:\RMS\RMS\Logging\AppenderAttachedImpl.cs:行号 51] |AppendLoopOnAppenders in AppenderAttachedImpl.cs:55
2015-04-06 16:06:00.538【INTERNAL】asus|009| [AppenderAttachedImpl: Failed to append to appender [db]] [System.TypeInitializationException: “RMS.Logging.DbLoggingHelper”的类型初始值设定项引发异常。 ---> System.IO.FileNotFoundException: 未能加载文件或程序集“file:///F:\RMS\RMS\DataAccess\bin\Debug\DataAccess.dll”或它的某一个依赖项。系统找不到指定的文件。
   在 System.Reflection.RuntimeAssembly._nLoad(AssemblyName fileName, String codeBase, Evidence assemblySecurity, RuntimeAssembly locationHint, StackCrawlMark& stackMark, IntPtr pPrivHostBinder, Boolean throwOnFileNotFound, Boolean forIntrospection, Boolean suppressSecurityChecks)
   在 System.Reflection.RuntimeAssembly.nLoad(AssemblyName fileName, String codeBase, Evidence assemblySecurity, RuntimeAssembly locationHint, StackCrawlMark& stackMark, IntPtr pPrivHostBinder, Boolean throwOnFileNotFound, Boolean forIntrospection, Boolean suppressSecurityChecks)
   在 System.Reflection.RuntimeAssembly.InternalLoadAssemblyName(AssemblyName assemblyRef, Evidence assemblySecurity, RuntimeAssembly reqAssembly, StackCrawlMark& stackMark, IntPtr pPrivHostBinder, Boolean throwOnFileNotFound, Boolean forIntrospection, Boolean suppressSecurityChecks)
   在 System.Reflection.RuntimeAssembly.InternalLoadFrom(String assemblyFile, Evidence securityEvidence, Byte[] hashValue, AssemblyHashAlgorithm hashAlgorithm, Boolean forIntrospection, Boolean suppressSecurityChecks, StackCrawlMark& stackMark)
   在 System.Reflection.Assembly.LoadFrom(String assemblyFile)
   在 RMS.Logging.DbLoggingHelper..cctor() 位置 f:\RMS\RMS\Logging\Appender\ConcreteAppenders\DbLoggingHelper.cs:行号 22
   --- 内部异常堆栈跟踪的结尾 ---
   在 RMS.Logging.DbLoggingHelper.WriteLogToDb(LogEntry logEntry)
   在 RMS.Logging.SqlDbAppender.DoAppender(LogEntry logEntry) 位置 f:\RMS\RMS\Logging\Appender\ConcreteAppenders\SqlDbAppender.cs:行号 29
   在 RMS.Logging.AppenderAttachedImpl.AppendLoopOnAppenders(LogEntry logEntry) 位置 f:\RMS\RMS\Logging\AppenderAttachedImpl.cs:行号 51] |AppendLoopOnAppenders in AppenderAttachedImpl.cs:55
2015-04-06 16:11:03.927【INTERNAL】asus|010| [AppenderAttachedImpl: Failed to append to appender [db]] [System.TypeInitializationException: “RMS.Logging.DbLoggingHelper”的类型初始值设定项引发异常。 ---> System.IO.FileNotFoundException: 未能加载文件或程序集“file:///F:\RMS\RMS\DataAccess\bin\Debug\DataAccess.dll”或它的某一个依赖项。系统找不到指定的文件。
   在 System.Reflection.RuntimeAssembly._nLoad(AssemblyName fileName, String codeBase, Evidence assemblySecurity, RuntimeAssembly locationHint, StackCrawlMark& stackMark, IntPtr pPrivHostBinder, Boolean throwOnFileNotFound, Boolean forIntrospection, Boolean suppressSecurityChecks)
   在 System.Reflection.RuntimeAssembly.nLoad(AssemblyName fileName, String codeBase, Evidence assemblySecurity, RuntimeAssembly locationHint, StackCrawlMark& stackMark, IntPtr pPrivHostBinder, Boolean throwOnFileNotFound, Boolean forIntrospection, Boolean suppressSecurityChecks)
   在 System.Reflection.RuntimeAssembly.InternalLoadAssemblyName(AssemblyName assemblyRef, Evidence assemblySecurity, RuntimeAssembly reqAssembly, StackCrawlMark& stackMark, IntPtr pPrivHostBinder, Boolean throwOnFileNotFound, Boolean forIntrospection, Boolean suppressSecurityChecks)
   在 System.Reflection.RuntimeAssembly.InternalLoadFrom(String assemblyFile, Evidence securityEvidence, Byte[] hashValue, AssemblyHashAlgorithm hashAlgorithm, Boolean forIntrospection, Boolean suppressSecurityChecks, StackCrawlMark& stackMark)
   在 System.Reflection.Assembly.LoadFrom(String assemblyFile)
   在 RMS.Logging.DbLoggingHelper..cctor() 位置 f:\RMS\RMS\Logging\Appender\ConcreteAppenders\DbLoggingHelper.cs:行号 22
   --- 内部异常堆栈跟踪的结尾 ---
   在 RMS.Logging.DbLoggingHelper.WriteLogToDb(LogEntry logEntry)
   在 RMS.Logging.SqlDbAppender.DoAppender(LogEntry logEntry) 位置 f:\RMS\RMS\Logging\Appender\ConcreteAppenders\SqlDbAppender.cs:行号 29
   在 RMS.Logging.AppenderAttachedImpl.AppendLoopOnAppenders(LogEntry logEntry) 位置 f:\RMS\RMS\Logging\AppenderAttachedImpl.cs:行号 51] |AppendLoopOnAppenders in AppenderAttachedImpl.cs:55
2015-04-06 16:11:15.970【INTERNAL】asus|010| [AppenderAttachedImpl: Failed to append to appender [db]] [System.TypeInitializationException: “RMS.Logging.DbLoggingHelper”的类型初始值设定项引发异常。 ---> System.IO.FileNotFoundException: 未能加载文件或程序集“file:///F:\RMS\RMS\DataAccess\bin\Debug\DataAccess.dll”或它的某一个依赖项。系统找不到指定的文件。
   在 System.Reflection.RuntimeAssembly._nLoad(AssemblyName fileName, String codeBase, Evidence assemblySecurity, RuntimeAssembly locationHint, StackCrawlMark& stackMark, IntPtr pPrivHostBinder, Boolean throwOnFileNotFound, Boolean forIntrospection, Boolean suppressSecurityChecks)
   在 System.Reflection.RuntimeAssembly.nLoad(AssemblyName fileName, String codeBase, Evidence assemblySecurity, RuntimeAssembly locationHint, StackCrawlMark& stackMark, IntPtr pPrivHostBinder, Boolean throwOnFileNotFound, Boolean forIntrospection, Boolean suppressSecurityChecks)
   在 System.Reflection.RuntimeAssembly.InternalLoadAssemblyName(AssemblyName assemblyRef, Evidence assemblySecurity, RuntimeAssembly reqAssembly, StackCrawlMark& stackMark, IntPtr pPrivHostBinder, Boolean throwOnFileNotFound, Boolean forIntrospection, Boolean suppressSecurityChecks)
   在 System.Reflection.RuntimeAssembly.InternalLoadFrom(String assemblyFile, Evidence securityEvidence, Byte[] hashValue, AssemblyHashAlgorithm hashAlgorithm, Boolean forIntrospection, Boolean suppressSecurityChecks, StackCrawlMark& stackMark)
   在 System.Reflection.Assembly.LoadFrom(String assemblyFile)
   在 RMS.Logging.DbLoggingHelper..cctor() 位置 f:\RMS\RMS\Logging\Appender\ConcreteAppenders\DbLoggingHelper.cs:行号 22
   --- 内部异常堆栈跟踪的结尾 ---
   在 RMS.Logging.DbLoggingHelper.WriteLogToDb(LogEntry logEntry)
   在 RMS.Logging.SqlDbAppender.DoAppender(LogEntry logEntry) 位置 f:\RMS\RMS\Logging\Appender\ConcreteAppenders\SqlDbAppender.cs:行号 29
   在 RMS.Logging.AppenderAttachedImpl.AppendLoopOnAppenders(LogEntry logEntry) 位置 f:\RMS\RMS\Logging\AppenderAttachedImpl.cs:行号 51] |AppendLoopOnAppenders in AppenderAttachedImpl.cs:55
2015-04-06 16:13:13.789【INTERNAL】asus|009| [AppenderAttachedImpl: Failed to append to appender [db]] [System.TypeInitializationException: “RMS.Logging.DbLoggingHelper”的类型初始值设定项引发异常。 ---> System.IO.FileNotFoundException: 未能加载文件或程序集“file:///F:\RMS\RMS\DataAccess\bin\Debug\DataAccess.dll”或它的某一个依赖项。系统找不到指定的文件。
   在 System.Reflection.RuntimeAssembly._nLoad(AssemblyName fileName, String codeBase, Evidence assemblySecurity, RuntimeAssembly locationHint, StackCrawlMark& stackMark, IntPtr pPrivHostBinder, Boolean throwOnFileNotFound, Boolean forIntrospection, Boolean suppressSecurityChecks)
   在 System.Reflection.RuntimeAssembly.nLoad(AssemblyName fileName, String codeBase, Evidence assemblySecurity, RuntimeAssembly locationHint, StackCrawlMark& stackMark, IntPtr pPrivHostBinder, Boolean throwOnFileNotFound, Boolean forIntrospection, Boolean suppressSecurityChecks)
   在 System.Reflection.RuntimeAssembly.InternalLoadAssemblyName(AssemblyName assemblyRef, Evidence assemblySecurity, RuntimeAssembly reqAssembly, StackCrawlMark& stackMark, IntPtr pPrivHostBinder, Boolean throwOnFileNotFound, Boolean forIntrospection, Boolean suppressSecurityChecks)
   在 System.Reflection.RuntimeAssembly.InternalLoadFrom(String assemblyFile, Evidence securityEvidence, Byte[] hashValue, AssemblyHashAlgorithm hashAlgorithm, Boolean forIntrospection, Boolean suppressSecurityChecks, StackCrawlMark& stackMark)
   在 System.Reflection.Assembly.LoadFrom(String assemblyFile)
   在 RMS.Logging.DbLoggingHelper..cctor() 位置 f:\RMS\RMS\Logging\Appender\ConcreteAppenders\DbLoggingHelper.cs:行号 22
   --- 内部异常堆栈跟踪的结尾 ---
   在 RMS.Logging.DbLoggingHelper.WriteLogToDb(LogEntry logEntry)
   在 RMS.Logging.SqlDbAppender.DoAppender(LogEntry logEntry) 位置 f:\RMS\RMS\Logging\Appender\ConcreteAppenders\SqlDbAppender.cs:行号 29
   在 RMS.Logging.AppenderAttachedImpl.AppendLoopOnAppenders(LogEntry logEntry) 位置 f:\RMS\RMS\Logging\AppenderAttachedImpl.cs:行号 51] |AppendLoopOnAppenders in AppenderAttachedImpl.cs:55
2015-04-06 16:13:46.669【INTERNAL】asus|009| [AppenderAttachedImpl: Failed to append to appender [db]] [System.TypeInitializationException: “RMS.Logging.DbLoggingHelper”的类型初始值设定项引发异常。 ---> System.IO.FileNotFoundException: 未能加载文件或程序集“file:///F:\RMS\RMS\DataAccess\bin\Debug\DataAccess.dll”或它的某一个依赖项。系统找不到指定的文件。
   在 System.Reflection.RuntimeAssembly._nLoad(AssemblyName fileName, String codeBase, Evidence assemblySecurity, RuntimeAssembly locationHint, StackCrawlMark& stackMark, IntPtr pPrivHostBinder, Boolean throwOnFileNotFound, Boolean forIntrospection, Boolean suppressSecurityChecks)
   在 System.Reflection.RuntimeAssembly.nLoad(AssemblyName fileName, String codeBase, Evidence assemblySecurity, RuntimeAssembly locationHint, StackCrawlMark& stackMark, IntPtr pPrivHostBinder, Boolean throwOnFileNotFound, Boolean forIntrospection, Boolean suppressSecurityChecks)
   在 System.Reflection.RuntimeAssembly.InternalLoadAssemblyName(AssemblyName assemblyRef, Evidence assemblySecurity, RuntimeAssembly reqAssembly, StackCrawlMark& stackMark, IntPtr pPrivHostBinder, Boolean throwOnFileNotFound, Boolean forIntrospection, Boolean suppressSecurityChecks)
   在 System.Reflection.RuntimeAssembly.InternalLoadFrom(String assemblyFile, Evidence securityEvidence, Byte[] hashValue, AssemblyHashAlgorithm hashAlgorithm, Boolean forIntrospection, Boolean suppressSecurityChecks, StackCrawlMark& stackMark)
   在 System.Reflection.Assembly.LoadFrom(String assemblyFile)
   在 RMS.Logging.DbLoggingHelper..cctor() 位置 f:\RMS\RMS\Logging\Appender\ConcreteAppenders\DbLoggingHelper.cs:行号 22
   --- 内部异常堆栈跟踪的结尾 ---
   在 RMS.Logging.DbLoggingHelper.WriteLogToDb(LogEntry logEntry)
   在 RMS.Logging.SqlDbAppender.DoAppender(LogEntry logEntry) 位置 f:\RMS\RMS\Logging\Appender\ConcreteAppenders\SqlDbAppender.cs:行号 29
   在 RMS.Logging.AppenderAttachedImpl.AppendLoopOnAppenders(LogEntry logEntry) 位置 f:\RMS\RMS\Logging\AppenderAttachedImpl.cs:行号 51] |AppendLoopOnAppenders in AppenderAttachedImpl.cs:55
2015-04-06 16:16:10.124【INTERNAL】asus|009| [AppenderAttachedImpl: Failed to append to appender [db]] [System.TypeInitializationException: “RMS.Logging.DbLoggingHelper”的类型初始值设定项引发异常。 ---> System.IO.FileNotFoundException: 未能加载文件或程序集“file:///F:\RMS\RMS\DataAccess\bin\Debug\DataAccess.dll”或它的某一个依赖项。系统找不到指定的文件。
   在 System.Reflection.RuntimeAssembly._nLoad(AssemblyName fileName, String codeBase, Evidence assemblySecurity, RuntimeAssembly locationHint, StackCrawlMark& stackMark, IntPtr pPrivHostBinder, Boolean throwOnFileNotFound, Boolean forIntrospection, Boolean suppressSecurityChecks)
   在 System.Reflection.RuntimeAssembly.nLoad(AssemblyName fileName, String codeBase, Evidence assemblySecurity, RuntimeAssembly locationHint, StackCrawlMark& stackMark, IntPtr pPrivHostBinder, Boolean throwOnFileNotFound, Boolean forIntrospection, Boolean suppressSecurityChecks)
   在 System.Reflection.RuntimeAssembly.InternalLoadAssemblyName(AssemblyName assemblyRef, Evidence assemblySecurity, RuntimeAssembly reqAssembly, StackCrawlMark& stackMark, IntPtr pPrivHostBinder, Boolean throwOnFileNotFound, Boolean forIntrospection, Boolean suppressSecurityChecks)
   在 System.Reflection.RuntimeAssembly.InternalLoadFrom(String assemblyFile, Evidence securityEvidence, Byte[] hashValue, AssemblyHashAlgorithm hashAlgorithm, Boolean forIntrospection, Boolean suppressSecurityChecks, StackCrawlMark& stackMark)
   在 System.Reflection.Assembly.LoadFrom(String assemblyFile)
   在 RMS.Logging.DbLoggingHelper..cctor() 位置 f:\RMS\RMS\Logging\Appender\ConcreteAppenders\DbLoggingHelper.cs:行号 22
   --- 内部异常堆栈跟踪的结尾 ---
   在 RMS.Logging.DbLoggingHelper.WriteLogToDb(LogEntry logEntry)
   在 RMS.Logging.SqlDbAppender.DoAppender(LogEntry logEntry) 位置 f:\RMS\RMS\Logging\Appender\ConcreteAppenders\SqlDbAppender.cs:行号 29
   在 RMS.Logging.AppenderAttachedImpl.AppendLoopOnAppenders(LogEntry logEntry) 位置 f:\RMS\RMS\Logging\AppenderAttachedImpl.cs:行号 51] |AppendLoopOnAppenders in AppenderAttachedImpl.cs:55
2015-04-06 21:17:48.840【INTERNAL】asus|009| [AppenderAttachedImpl: Failed to append to appender [db]] [System.TypeInitializationException: “RMS.Logging.DbLoggingHelper”的类型初始值设定项引发异常。 ---> System.IO.FileNotFoundException: 未能加载文件或程序集“file:///F:\RMS\RMS\DataAccess\bin\Debug\DataAccess.dll”或它的某一个依赖项。系统找不到指定的文件。
   在 System.Reflection.RuntimeAssembly._nLoad(AssemblyName fileName, String codeBase, Evidence assemblySecurity, RuntimeAssembly locationHint, StackCrawlMark& stackMark, IntPtr pPrivHostBinder, Boolean throwOnFileNotFound, Boolean forIntrospection, Boolean suppressSecurityChecks)
   在 System.Reflection.RuntimeAssembly.nLoad(AssemblyName fileName, String codeBase, Evidence assemblySecurity, RuntimeAssembly locationHint, StackCrawlMark& stackMark, IntPtr pPrivHostBinder, Boolean throwOnFileNotFound, Boolean forIntrospection, Boolean suppressSecurityChecks)
   在 System.Reflection.RuntimeAssembly.InternalLoadAssemblyName(AssemblyName assemblyRef, Evidence assemblySecurity, RuntimeAssembly reqAssembly, StackCrawlMark& stackMark, IntPtr pPrivHostBinder, Boolean throwOnFileNotFound, Boolean forIntrospection, Boolean suppressSecurityChecks)
   在 System.Reflection.RuntimeAssembly.InternalLoadFrom(String assemblyFile, Evidence securityEvidence, Byte[] hashValue, AssemblyHashAlgorithm hashAlgorithm, Boolean forIntrospection, Boolean suppressSecurityChecks, StackCrawlMark& stackMark)
   在 System.Reflection.Assembly.LoadFrom(String assemblyFile)
   在 RMS.Logging.DbLoggingHelper..cctor() 位置 f:\RMS\RMS\Logging\Appender\ConcreteAppenders\DbLoggingHelper.cs:行号 22
   --- 内部异常堆栈跟踪的结尾 ---
   在 RMS.Logging.DbLoggingHelper.WriteLogToDb(LogEntry logEntry)
   在 RMS.Logging.SqlDbAppender.DoAppender(LogEntry logEntry) 位置 f:\RMS\RMS\Logging\Appender\ConcreteAppenders\SqlDbAppender.cs:行号 29
   在 RMS.Logging.AppenderAttachedImpl.AppendLoopOnAppenders(LogEntry logEntry) 位置 f:\RMS\RMS\Logging\AppenderAttachedImpl.cs:行号 51] |AppendLoopOnAppenders in AppenderAttachedImpl.cs:55
2015-04-08 20:15:43.500【INTERNAL】asus|010| [AppenderAttachedImpl: Failed to append to appender [db]] [System.TypeInitializationException: “RMS.Logging.DbLoggingHelper”的类型初始值设定项引发异常。 ---> System.IO.FileNotFoundException: 未能加载文件或程序集“file:///F:\RMS\RMS\DataAccess\bin\Debug\DataAccess.dll”或它的某一个依赖项。系统找不到指定的文件。
   在 System.Reflection.RuntimeAssembly._nLoad(AssemblyName fileName, String codeBase, Evidence assemblySecurity, RuntimeAssembly locationHint, StackCrawlMark& stackMark, IntPtr pPrivHostBinder, Boolean throwOnFileNotFound, Boolean forIntrospection, Boolean suppressSecurityChecks)
   在 System.Reflection.RuntimeAssembly.nLoad(AssemblyName fileName, String codeBase, Evidence assemblySecurity, RuntimeAssembly locationHint, StackCrawlMark& stackMark, IntPtr pPrivHostBinder, Boolean throwOnFileNotFound, Boolean forIntrospection, Boolean suppressSecurityChecks)
   在 System.Reflection.RuntimeAssembly.InternalLoadAssemblyName(AssemblyName assemblyRef, Evidence assemblySecurity, RuntimeAssembly reqAssembly, StackCrawlMark& stackMark, IntPtr pPrivHostBinder, Boolean throwOnFileNotFound, Boolean forIntrospection, Boolean suppressSecurityChecks)
   在 System.Reflection.RuntimeAssembly.InternalLoadFrom(String assemblyFile, Evidence securityEvidence, Byte[] hashValue, AssemblyHashAlgorithm hashAlgorithm, Boolean forIntrospection, Boolean suppressSecurityChecks, StackCrawlMark& stackMark)
   在 System.Reflection.Assembly.LoadFrom(String assemblyFile)
   在 RMS.Logging.DbLoggingHelper..cctor() 位置 f:\RMS\RMS\Logging\Appender\ConcreteAppenders\DbLoggingHelper.cs:行号 22
   --- 内部异常堆栈跟踪的结尾 ---
   在 RMS.Logging.DbLoggingHelper.WriteLogToDb(LogEntry logEntry)
   在 RMS.Logging.SqlDbAppender.DoAppender(LogEntry logEntry) 位置 f:\RMS\RMS\Logging\Appender\ConcreteAppenders\SqlDbAppender.cs:行号 29
   在 RMS.Logging.AppenderAttachedImpl.AppendLoopOnAppenders(LogEntry logEntry) 位置 f:\RMS\RMS\Logging\AppenderAttachedImpl.cs:行号 51] |AppendLoopOnAppenders in AppenderAttachedImpl.cs:55
2015-04-10 22:20:37.758【INTERNAL】asus|009| [AppenderAttachedImpl: Failed to append to appender [db]] [System.TypeInitializationException: “RMS.Logging.DbLoggingHelper”的类型初始值设定项引发异常。 ---> System.IO.FileNotFoundException: 未能加载文件或程序集“file:///F:\RMS\RMS\DataAccess\bin\Debug\DataAccess.dll”或它的某一个依赖项。系统找不到指定的文件。
   在 System.Reflection.RuntimeAssembly._nLoad(AssemblyName fileName, String codeBase, Evidence assemblySecurity, RuntimeAssembly locationHint, StackCrawlMark& stackMark, IntPtr pPrivHostBinder, Boolean throwOnFileNotFound, Boolean forIntrospection, Boolean suppressSecurityChecks)
   在 System.Reflection.RuntimeAssembly.nLoad(AssemblyName fileName, String codeBase, Evidence assemblySecurity, RuntimeAssembly locationHint, StackCrawlMark& stackMark, IntPtr pPrivHostBinder, Boolean throwOnFileNotFound, Boolean forIntrospection, Boolean suppressSecurityChecks)
   在 System.Reflection.RuntimeAssembly.InternalLoadAssemblyName(AssemblyName assemblyRef, Evidence assemblySecurity, RuntimeAssembly reqAssembly, StackCrawlMark& stackMark, IntPtr pPrivHostBinder, Boolean throwOnFileNotFound, Boolean forIntrospection, Boolean suppressSecurityChecks)
   在 System.Reflection.RuntimeAssembly.InternalLoadFrom(String assemblyFile, Evidence securityEvidence, Byte[] hashValue, AssemblyHashAlgorithm hashAlgorithm, Boolean forIntrospection, Boolean suppressSecurityChecks, StackCrawlMark& stackMark)
   在 System.Reflection.Assembly.LoadFrom(String assemblyFile)
   在 RMS.Logging.DbLoggingHelper..cctor() 位置 f:\RMS\RMS\Logging\Appender\ConcreteAppenders\DbLoggingHelper.cs:行号 22
   --- 内部异常堆栈跟踪的结尾 ---
   在 RMS.Logging.DbLoggingHelper.WriteLogToDb(LogEntry logEntry)
   在 RMS.Logging.SqlDbAppender.DoAppender(LogEntry logEntry) 位置 f:\RMS\RMS\Logging\Appender\ConcreteAppenders\SqlDbAppender.cs:行号 29
   在 RMS.Logging.AppenderAttachedImpl.AppendLoopOnAppenders(LogEntry logEntry) 位置 f:\RMS\RMS\Logging\AppenderAttachedImpl.cs:行号 51] |AppendLoopOnAppenders in AppenderAttachedImpl.cs:55
2015-04-13 20:05:31.481【INTERNAL】asus|010| [AppenderAttachedImpl: Failed to append to appender [db]] [System.TypeInitializationException: “RMS.Logging.DbLoggingHelper”的类型初始值设定项引发异常。 ---> System.IO.FileNotFoundException: 未能加载文件或程序集“file:///F:\RMS\RMS\DataAccess\bin\Debug\DataAccess.dll”或它的某一个依赖项。系统找不到指定的文件。
   在 System.Reflection.RuntimeAssembly._nLoad(AssemblyName fileName, String codeBase, Evidence assemblySecurity, RuntimeAssembly locationHint, StackCrawlMark& stackMark, IntPtr pPrivHostBinder, Boolean throwOnFileNotFound, Boolean forIntrospection, Boolean suppressSecurityChecks)
   在 System.Reflection.RuntimeAssembly.nLoad(AssemblyName fileName, String codeBase, Evidence assemblySecurity, RuntimeAssembly locationHint, StackCrawlMark& stackMark, IntPtr pPrivHostBinder, Boolean throwOnFileNotFound, Boolean forIntrospection, Boolean suppressSecurityChecks)
   在 System.Reflection.RuntimeAssembly.InternalLoadAssemblyName(AssemblyName assemblyRef, Evidence assemblySecurity, RuntimeAssembly reqAssembly, StackCrawlMark& stackMark, IntPtr pPrivHostBinder, Boolean throwOnFileNotFound, Boolean forIntrospection, Boolean suppressSecurityChecks)
   在 System.Reflection.RuntimeAssembly.InternalLoadFrom(String assemblyFile, Evidence securityEvidence, Byte[] hashValue, AssemblyHashAlgorithm hashAlgorithm, Boolean forIntrospection, Boolean suppressSecurityChecks, StackCrawlMark& stackMark)
   在 System.Reflection.Assembly.LoadFrom(String assemblyFile)
   在 RMS.Logging.DbLoggingHelper..cctor() 位置 f:\RMS\RMS\Logging\Appender\ConcreteAppenders\DbLoggingHelper.cs:行号 22
   --- 内部异常堆栈跟踪的结尾 ---
   在 RMS.Logging.DbLoggingHelper.WriteLogToDb(LogEntry logEntry)
   在 RMS.Logging.SqlDbAppender.DoAppender(LogEntry logEntry) 位置 f:\RMS\RMS\Logging\Appender\ConcreteAppenders\SqlDbAppender.cs:行号 29
   在 RMS.Logging.AppenderAttachedImpl.AppendLoopOnAppenders(LogEntry logEntry) 位置 f:\RMS\RMS\Logging\AppenderAttachedImpl.cs:行号 51] |AppendLoopOnAppenders in AppenderAttachedImpl.cs:55
2015-04-14 21:30:24.887【INTERNAL】asus|010| [AppenderAttachedImpl: Failed to append to appender [db]] [System.TypeInitializationException: “RMS.Logging.DbLoggingHelper”的类型初始值设定项引发异常。 ---> System.IO.FileNotFoundException: 未能加载文件或程序集“file:///F:\RMS\RMS\DataAccess\bin\Debug\DataAccess.dll”或它的某一个依赖项。系统找不到指定的文件。
   在 System.Reflection.RuntimeAssembly._nLoad(AssemblyName fileName, String codeBase, Evidence assemblySecurity, RuntimeAssembly locationHint, StackCrawlMark& stackMark, IntPtr pPrivHostBinder, Boolean throwOnFileNotFound, Boolean forIntrospection, Boolean suppressSecurityChecks)
   在 System.Reflection.RuntimeAssembly.nLoad(AssemblyName fileName, String codeBase, Evidence assemblySecurity, RuntimeAssembly locationHint, StackCrawlMark& stackMark, IntPtr pPrivHostBinder, Boolean throwOnFileNotFound, Boolean forIntrospection, Boolean suppressSecurityChecks)
   在 System.Reflection.RuntimeAssembly.InternalLoadAssemblyName(AssemblyName assemblyRef, Evidence assemblySecurity, RuntimeAssembly reqAssembly, StackCrawlMark& stackMark, IntPtr pPrivHostBinder, Boolean throwOnFileNotFound, Boolean forIntrospection, Boolean suppressSecurityChecks)
   在 System.Reflection.RuntimeAssembly.InternalLoadFrom(String assemblyFile, Evidence securityEvidence, Byte[] hashValue, AssemblyHashAlgorithm hashAlgorithm, Boolean forIntrospection, Boolean suppressSecurityChecks, StackCrawlMark& stackMark)
   在 System.Reflection.Assembly.LoadFrom(String assemblyFile)
   在 RMS.Logging.DbLoggingHelper..cctor() 位置 f:\RMS\RMS\Logging\Appender\ConcreteAppenders\DbLoggingHelper.cs:行号 22
   --- 内部异常堆栈跟踪的结尾 ---
   在 RMS.Logging.DbLoggingHelper.WriteLogToDb(LogEntry logEntry)
   在 RMS.Logging.SqlDbAppender.DoAppender(LogEntry logEntry) 位置 f:\RMS\RMS\Logging\Appender\ConcreteAppenders\SqlDbAppender.cs:行号 29
   在 RMS.Logging.AppenderAttachedImpl.AppendLoopOnAppenders(LogEntry logEntry) 位置 f:\RMS\RMS\Logging\AppenderAttachedImpl.cs:行号 51] |AppendLoopOnAppenders in AppenderAttachedImpl.cs:55
2015-04-14 21:32:06.257【INTERNAL】asus|009| [AppenderAttachedImpl: Failed to append to appender [db]] [System.TypeInitializationException: “RMS.Logging.DbLoggingHelper”的类型初始值设定项引发异常。 ---> System.IO.FileNotFoundException: 未能加载文件或程序集“file:///F:\RMS\RMS\DataAccess\bin\Debug\DataAccess.dll”或它的某一个依赖项。系统找不到指定的文件。
   在 System.Reflection.RuntimeAssembly._nLoad(AssemblyName fileName, String codeBase, Evidence assemblySecurity, RuntimeAssembly locationHint, StackCrawlMark& stackMark, IntPtr pPrivHostBinder, Boolean throwOnFileNotFound, Boolean forIntrospection, Boolean suppressSecurityChecks)
   在 System.Reflection.RuntimeAssembly.nLoad(AssemblyName fileName, String codeBase, Evidence assemblySecurity, RuntimeAssembly locationHint, StackCrawlMark& stackMark, IntPtr pPrivHostBinder, Boolean throwOnFileNotFound, Boolean forIntrospection, Boolean suppressSecurityChecks)
   在 System.Reflection.RuntimeAssembly.InternalLoadAssemblyName(AssemblyName assemblyRef, Evidence assemblySecurity, RuntimeAssembly reqAssembly, StackCrawlMark& stackMark, IntPtr pPrivHostBinder, Boolean throwOnFileNotFound, Boolean forIntrospection, Boolean suppressSecurityChecks)
   在 System.Reflection.RuntimeAssembly.InternalLoadFrom(String assemblyFile, Evidence securityEvidence, Byte[] hashValue, AssemblyHashAlgorithm hashAlgorithm, Boolean forIntrospection, Boolean suppressSecurityChecks, StackCrawlMark& stackMark)
   在 System.Reflection.Assembly.LoadFrom(String assemblyFile)
   在 RMS.Logging.DbLoggingHelper..cctor() 位置 f:\RMS\RMS\Logging\Appender\ConcreteAppenders\DbLoggingHelper.cs:行号 22
   --- 内部异常堆栈跟踪的结尾 ---
   在 RMS.Logging.DbLoggingHelper.WriteLogToDb(LogEntry logEntry)
   在 RMS.Logging.SqlDbAppender.DoAppender(LogEntry logEntry) 位置 f:\RMS\RMS\Logging\Appender\ConcreteAppenders\SqlDbAppender.cs:行号 29
   在 RMS.Logging.AppenderAttachedImpl.AppendLoopOnAppenders(LogEntry logEntry) 位置 f:\RMS\RMS\Logging\AppenderAttachedImpl.cs:行号 51] |AppendLoopOnAppenders in AppenderAttachedImpl.cs:55
2015-04-14 21:54:02.823【INTERNAL】asus|009| [AppenderAttachedImpl: Failed to append to appender [db]] [System.TypeInitializationException: “RMS.Logging.DbLoggingHelper”的类型初始值设定项引发异常。 ---> System.IO.FileNotFoundException: 未能加载文件或程序集“file:///F:\RMS\RMS\DataAccess\bin\Debug\DataAccess.dll”或它的某一个依赖项。系统找不到指定的文件。
   在 System.Reflection.RuntimeAssembly._nLoad(AssemblyName fileName, String codeBase, Evidence assemblySecurity, RuntimeAssembly locationHint, StackCrawlMark& stackMark, IntPtr pPrivHostBinder, Boolean throwOnFileNotFound, Boolean forIntrospection, Boolean suppressSecurityChecks)
   在 System.Reflection.RuntimeAssembly.nLoad(AssemblyName fileName, String codeBase, Evidence assemblySecurity, RuntimeAssembly locationHint, StackCrawlMark& stackMark, IntPtr pPrivHostBinder, Boolean throwOnFileNotFound, Boolean forIntrospection, Boolean suppressSecurityChecks)
   在 System.Reflection.RuntimeAssembly.InternalLoadAssemblyName(AssemblyName assemblyRef, Evidence assemblySecurity, RuntimeAssembly reqAssembly, StackCrawlMark& stackMark, IntPtr pPrivHostBinder, Boolean throwOnFileNotFound, Boolean forIntrospection, Boolean suppressSecurityChecks)
   在 System.Reflection.RuntimeAssembly.InternalLoadFrom(String assemblyFile, Evidence securityEvidence, Byte[] hashValue, AssemblyHashAlgorithm hashAlgorithm, Boolean forIntrospection, Boolean suppressSecurityChecks, StackCrawlMark& stackMark)
   在 System.Reflection.Assembly.LoadFrom(String assemblyFile)
   在 RMS.Logging.DbLoggingHelper..cctor() 位置 f:\RMS\RMS\Logging\Appender\ConcreteAppenders\DbLoggingHelper.cs:行号 22
   --- 内部异常堆栈跟踪的结尾 ---
   在 RMS.Logging.DbLoggingHelper.WriteLogToDb(LogEntry logEntry)
   在 RMS.Logging.SqlDbAppender.DoAppender(LogEntry logEntry) 位置 f:\RMS\RMS\Logging\Appender\ConcreteAppenders\SqlDbAppender.cs:行号 29
   在 RMS.Logging.AppenderAttachedImpl.AppendLoopOnAppenders(LogEntry logEntry) 位置 f:\RMS\RMS\Logging\AppenderAttachedImpl.cs:行号 51] |AppendLoopOnAppenders in AppenderAttachedImpl.cs:55
2015-04-14 23:00:59.150【INTERNAL】asus|009| [AppenderAttachedImpl: Failed to append to appender [db]] [System.TypeInitializationException: “RMS.Logging.DbLoggingHelper”的类型初始值设定项引发异常。 ---> System.IO.FileNotFoundException: 未能加载文件或程序集“file:///F:\RMS\RMS\DataAccess\bin\Debug\DataAccess.dll”或它的某一个依赖项。系统找不到指定的文件。
   在 System.Reflection.RuntimeAssembly._nLoad(AssemblyName fileName, String codeBase, Evidence assemblySecurity, RuntimeAssembly locationHint, StackCrawlMark& stackMark, IntPtr pPrivHostBinder, Boolean throwOnFileNotFound, Boolean forIntrospection, Boolean suppressSecurityChecks)
   在 System.Reflection.RuntimeAssembly.nLoad(AssemblyName fileName, String codeBase, Evidence assemblySecurity, RuntimeAssembly locationHint, StackCrawlMark& stackMark, IntPtr pPrivHostBinder, Boolean throwOnFileNotFound, Boolean forIntrospection, Boolean suppressSecurityChecks)
   在 System.Reflection.RuntimeAssembly.InternalLoadAssemblyName(AssemblyName assemblyRef, Evidence assemblySecurity, RuntimeAssembly reqAssembly, StackCrawlMark& stackMark, IntPtr pPrivHostBinder, Boolean throwOnFileNotFound, Boolean forIntrospection, Boolean suppressSecurityChecks)
   在 System.Reflection.RuntimeAssembly.InternalLoadFrom(String assemblyFile, Evidence securityEvidence, Byte[] hashValue, AssemblyHashAlgorithm hashAlgorithm, Boolean forIntrospection, Boolean suppressSecurityChecks, StackCrawlMark& stackMark)
   在 System.Reflection.Assembly.LoadFrom(String assemblyFile)
   在 RMS.Logging.DbLoggingHelper..cctor() 位置 f:\RMS\RMS\Logging\Appender\ConcreteAppenders\DbLoggingHelper.cs:行号 22
   --- 内部异常堆栈跟踪的结尾 ---
   在 RMS.Logging.DbLoggingHelper.WriteLogToDb(LogEntry logEntry)
   在 RMS.Logging.SqlDbAppender.DoAppender(LogEntry logEntry) 位置 f:\RMS\RMS\Logging\Appender\ConcreteAppenders\SqlDbAppender.cs:行号 29
   在 RMS.Logging.AppenderAttachedImpl.AppendLoopOnAppenders(LogEntry logEntry) 位置 f:\RMS\RMS\Logging\AppenderAttachedImpl.cs:行号 51] |AppendLoopOnAppenders in AppenderAttachedImpl.cs:55
2015-04-15 21:11:15.034【INTERNAL】asus|009| [AppenderAttachedImpl: Failed to append to appender [db]] [System.TypeInitializationException: “RMS.Logging.DbLoggingHelper”的类型初始值设定项引发异常。 ---> System.IO.FileNotFoundException: 未能加载文件或程序集“file:///F:\RMS\RMS\DataAccess\bin\Debug\DataAccess.dll”或它的某一个依赖项。系统找不到指定的文件。
   在 System.Reflection.RuntimeAssembly._nLoad(AssemblyName fileName, String codeBase, Evidence assemblySecurity, RuntimeAssembly locationHint, StackCrawlMark& stackMark, IntPtr pPrivHostBinder, Boolean throwOnFileNotFound, Boolean forIntrospection, Boolean suppressSecurityChecks)
   在 System.Reflection.RuntimeAssembly.nLoad(AssemblyName fileName, String codeBase, Evidence assemblySecurity, RuntimeAssembly locationHint, StackCrawlMark& stackMark, IntPtr pPrivHostBinder, Boolean throwOnFileNotFound, Boolean forIntrospection, Boolean suppressSecurityChecks)
   在 System.Reflection.RuntimeAssembly.InternalLoadAssemblyName(AssemblyName assemblyRef, Evidence assemblySecurity, RuntimeAssembly reqAssembly, StackCrawlMark& stackMark, IntPtr pPrivHostBinder, Boolean throwOnFileNotFound, Boolean forIntrospection, Boolean suppressSecurityChecks)
   在 System.Reflection.RuntimeAssembly.InternalLoadFrom(String assemblyFile, Evidence securityEvidence, Byte[] hashValue, AssemblyHashAlgorithm hashAlgorithm, Boolean forIntrospection, Boolean suppressSecurityChecks, StackCrawlMark& stackMark)
   在 System.Reflection.Assembly.LoadFrom(String assemblyFile)
   在 RMS.Logging.DbLoggingHelper..cctor() 位置 f:\RMS\RMS\Logging\Appender\ConcreteAppenders\DbLoggingHelper.cs:行号 22
   --- 内部异常堆栈跟踪的结尾 ---
   在 RMS.Logging.DbLoggingHelper.WriteLogToDb(LogEntry logEntry)
   在 RMS.Logging.SqlDbAppender.DoAppender(LogEntry logEntry) 位置 f:\RMS\RMS\Logging\Appender\ConcreteAppenders\SqlDbAppender.cs:行号 29
   在 RMS.Logging.AppenderAttachedImpl.AppendLoopOnAppenders(LogEntry logEntry) 位置 f:\RMS\RMS\Logging\AppenderAttachedImpl.cs:行号 51] |AppendLoopOnAppenders in AppenderAttachedImpl.cs:55
2015-04-17 07:21:41.702【INTERNAL】asus|009| [AppenderAttachedImpl: Failed to append to appender [db]] [System.TypeInitializationException: “RMS.Logging.DbLoggingHelper”的类型初始值设定项引发异常。 ---> System.IO.FileNotFoundException: 未能加载文件或程序集“file:///F:\RMS\RMS\DataAccess\bin\Debug\DataAccess.dll”或它的某一个依赖项。系统找不到指定的文件。
   在 System.Reflection.RuntimeAssembly._nLoad(AssemblyName fileName, String codeBase, Evidence assemblySecurity, RuntimeAssembly locationHint, StackCrawlMark& stackMark, IntPtr pPrivHostBinder, Boolean throwOnFileNotFound, Boolean forIntrospection, Boolean suppressSecurityChecks)
   在 System.Reflection.RuntimeAssembly.nLoad(AssemblyName fileName, String codeBase, Evidence assemblySecurity, RuntimeAssembly locationHint, StackCrawlMark& stackMark, IntPtr pPrivHostBinder, Boolean throwOnFileNotFound, Boolean forIntrospection, Boolean suppressSecurityChecks)
   在 System.Reflection.RuntimeAssembly.InternalLoadAssemblyName(AssemblyName assemblyRef, Evidence assemblySecurity, RuntimeAssembly reqAssembly, StackCrawlMark& stackMark, IntPtr pPrivHostBinder, Boolean throwOnFileNotFound, Boolean forIntrospection, Boolean suppressSecurityChecks)
   在 System.Reflection.RuntimeAssembly.InternalLoadFrom(String assemblyFile, Evidence securityEvidence, Byte[] hashValue, AssemblyHashAlgorithm hashAlgorithm, Boolean forIntrospection, Boolean suppressSecurityChecks, StackCrawlMark& stackMark)
   在 System.Reflection.Assembly.LoadFrom(String assemblyFile)
   在 RMS.Logging.DbLoggingHelper..cctor() 位置 f:\RMS\RMS\Logging\Appender\ConcreteAppenders\DbLoggingHelper.cs:行号 22
   --- 内部异常堆栈跟踪的结尾 ---
   在 RMS.Logging.DbLoggingHelper.WriteLogToDb(LogEntry logEntry)
   在 RMS.Logging.SqlDbAppender.DoAppender(LogEntry logEntry) 位置 f:\RMS\RMS\Logging\Appender\ConcreteAppenders\SqlDbAppender.cs:行号 29
   在 RMS.Logging.AppenderAttachedImpl.AppendLoopOnAppenders(LogEntry logEntry) 位置 f:\RMS\RMS\Logging\AppenderAttachedImpl.cs:行号 51] |AppendLoopOnAppenders in AppenderAttachedImpl.cs:55
2015-04-17 07:21:48.036【INTERNAL】asus|009| [AppenderAttachedImpl: Failed to append to appender [db]] [System.TypeInitializationException: “RMS.Logging.DbLoggingHelper”的类型初始值设定项引发异常。 ---> System.IO.FileNotFoundException: 未能加载文件或程序集“file:///F:\RMS\RMS\DataAccess\bin\Debug\DataAccess.dll”或它的某一个依赖项。系统找不到指定的文件。
   在 System.Reflection.RuntimeAssembly._nLoad(AssemblyName fileName, String codeBase, Evidence assemblySecurity, RuntimeAssembly locationHint, StackCrawlMark& stackMark, IntPtr pPrivHostBinder, Boolean throwOnFileNotFound, Boolean forIntrospection, Boolean suppressSecurityChecks)
   在 System.Reflection.RuntimeAssembly.nLoad(AssemblyName fileName, String codeBase, Evidence assemblySecurity, RuntimeAssembly locationHint, StackCrawlMark& stackMark, IntPtr pPrivHostBinder, Boolean throwOnFileNotFound, Boolean forIntrospection, Boolean suppressSecurityChecks)
   在 System.Reflection.RuntimeAssembly.InternalLoadAssemblyName(AssemblyName assemblyRef, Evidence assemblySecurity, RuntimeAssembly reqAssembly, StackCrawlMark& stackMark, IntPtr pPrivHostBinder, Boolean throwOnFileNotFound, Boolean forIntrospection, Boolean suppressSecurityChecks)
   在 System.Reflection.RuntimeAssembly.InternalLoadFrom(String assemblyFile, Evidence securityEvidence, Byte[] hashValue, AssemblyHashAlgorithm hashAlgorithm, Boolean forIntrospection, Boolean suppressSecurityChecks, StackCrawlMark& stackMark)
   在 System.Reflection.Assembly.LoadFrom(String assemblyFile)
   在 RMS.Logging.DbLoggingHelper..cctor() 位置 f:\RMS\RMS\Logging\Appender\ConcreteAppenders\DbLoggingHelper.cs:行号 22
   --- 内部异常堆栈跟踪的结尾 ---
   在 RMS.Logging.DbLoggingHelper.WriteLogToDb(LogEntry logEntry)
   在 RMS.Logging.SqlDbAppender.DoAppender(LogEntry logEntry) 位置 f:\RMS\RMS\Logging\Appender\ConcreteAppenders\SqlDbAppender.cs:行号 29
   在 RMS.Logging.AppenderAttachedImpl.AppendLoopOnAppenders(LogEntry logEntry) 位置 f:\RMS\RMS\Logging\AppenderAttachedImpl.cs:行号 51] |AppendLoopOnAppenders in AppenderAttachedImpl.cs:55
2015-04-17 07:24:51.636【INTERNAL】asus|010| [AppenderAttachedImpl: Failed to append to appender [db]] [System.TypeInitializationException: “RMS.Logging.DbLoggingHelper”的类型初始值设定项引发异常。 ---> System.IO.FileNotFoundException: 未能加载文件或程序集“file:///F:\RMS\RMS\DataAccess\bin\Debug\DataAccess.dll”或它的某一个依赖项。系统找不到指定的文件。
   在 System.Reflection.RuntimeAssembly._nLoad(AssemblyName fileName, String codeBase, Evidence assemblySecurity, RuntimeAssembly locationHint, StackCrawlMark& stackMark, IntPtr pPrivHostBinder, Boolean throwOnFileNotFound, Boolean forIntrospection, Boolean suppressSecurityChecks)
   在 System.Reflection.RuntimeAssembly.nLoad(AssemblyName fileName, String codeBase, Evidence assemblySecurity, RuntimeAssembly locationHint, StackCrawlMark& stackMark, IntPtr pPrivHostBinder, Boolean throwOnFileNotFound, Boolean forIntrospection, Boolean suppressSecurityChecks)
   在 System.Reflection.RuntimeAssembly.InternalLoadAssemblyName(AssemblyName assemblyRef, Evidence assemblySecurity, RuntimeAssembly reqAssembly, StackCrawlMark& stackMark, IntPtr pPrivHostBinder, Boolean throwOnFileNotFound, Boolean forIntrospection, Boolean suppressSecurityChecks)
   在 System.Reflection.RuntimeAssembly.InternalLoadFrom(String assemblyFile, Evidence securityEvidence, Byte[] hashValue, AssemblyHashAlgorithm hashAlgorithm, Boolean forIntrospection, Boolean suppressSecurityChecks, StackCrawlMark& stackMark)
   在 System.Reflection.Assembly.LoadFrom(String assemblyFile)
   在 RMS.Logging.DbLoggingHelper..cctor() 位置 f:\RMS\RMS\Logging\Appender\ConcreteAppenders\DbLoggingHelper.cs:行号 22
   --- 内部异常堆栈跟踪的结尾 ---
   在 RMS.Logging.DbLoggingHelper.WriteLogToDb(LogEntry logEntry)
   在 RMS.Logging.SqlDbAppender.DoAppender(LogEntry logEntry) 位置 f:\RMS\RMS\Logging\Appender\ConcreteAppenders\SqlDbAppender.cs:行号 29
   在 RMS.Logging.AppenderAttachedImpl.AppendLoopOnAppenders(LogEntry logEntry) 位置 f:\RMS\RMS\Logging\AppenderAttachedImpl.cs:行号 51] |AppendLoopOnAppenders in AppenderAttachedImpl.cs:55
2015-04-17 07:25:06.334【INTERNAL】asus|010| [AppenderAttachedImpl: Failed to append to appender [db]] [System.TypeInitializationException: “RMS.Logging.DbLoggingHelper”的类型初始值设定项引发异常。 ---> System.IO.FileNotFoundException: 未能加载文件或程序集“file:///F:\RMS\RMS\DataAccess\bin\Debug\DataAccess.dll”或它的某一个依赖项。系统找不到指定的文件。
   在 System.Reflection.RuntimeAssembly._nLoad(AssemblyName fileName, String codeBase, Evidence assemblySecurity, RuntimeAssembly locationHint, StackCrawlMark& stackMark, IntPtr pPrivHostBinder, Boolean throwOnFileNotFound, Boolean forIntrospection, Boolean suppressSecurityChecks)
   在 System.Reflection.RuntimeAssembly.nLoad(AssemblyName fileName, String codeBase, Evidence assemblySecurity, RuntimeAssembly locationHint, StackCrawlMark& stackMark, IntPtr pPrivHostBinder, Boolean throwOnFileNotFound, Boolean forIntrospection, Boolean suppressSecurityChecks)
   在 System.Reflection.RuntimeAssembly.InternalLoadAssemblyName(AssemblyName assemblyRef, Evidence assemblySecurity, RuntimeAssembly reqAssembly, StackCrawlMark& stackMark, IntPtr pPrivHostBinder, Boolean throwOnFileNotFound, Boolean forIntrospection, Boolean suppressSecurityChecks)
   在 System.Reflection.RuntimeAssembly.InternalLoadFrom(String assemblyFile, Evidence securityEvidence, Byte[] hashValue, AssemblyHashAlgorithm hashAlgorithm, Boolean forIntrospection, Boolean suppressSecurityChecks, StackCrawlMark& stackMark)
   在 System.Reflection.Assembly.LoadFrom(String assemblyFile)
   在 RMS.Logging.DbLoggingHelper..cctor() 位置 f:\RMS\RMS\Logging\Appender\ConcreteAppenders\DbLoggingHelper.cs:行号 22
   --- 内部异常堆栈跟踪的结尾 ---
   在 RMS.Logging.DbLoggingHelper.WriteLogToDb(LogEntry logEntry)
   在 RMS.Logging.SqlDbAppender.DoAppender(LogEntry logEntry) 位置 f:\RMS\RMS\Logging\Appender\ConcreteAppenders\SqlDbAppender.cs:行号 29
   在 RMS.Logging.AppenderAttachedImpl.AppendLoopOnAppenders(LogEntry logEntry) 位置 f:\RMS\RMS\Logging\AppenderAttachedImpl.cs:行号 51] |AppendLoopOnAppenders in AppenderAttachedImpl.cs:55
2015-04-17 07:25:47.915【INTERNAL】asus|010| [AppenderAttachedImpl: Failed to append to appender [db]] [System.TypeInitializationException: “RMS.Logging.DbLoggingHelper”的类型初始值设定项引发异常。 ---> System.IO.FileNotFoundException: 未能加载文件或程序集“file:///F:\RMS\RMS\DataAccess\bin\Debug\DataAccess.dll”或它的某一个依赖项。系统找不到指定的文件。
   在 System.Reflection.RuntimeAssembly._nLoad(AssemblyName fileName, String codeBase, Evidence assemblySecurity, RuntimeAssembly locationHint, StackCrawlMark& stackMark, IntPtr pPrivHostBinder, Boolean throwOnFileNotFound, Boolean forIntrospection, Boolean suppressSecurityChecks)
   在 System.Reflection.RuntimeAssembly.nLoad(AssemblyName fileName, String codeBase, Evidence assemblySecurity, RuntimeAssembly locationHint, StackCrawlMark& stackMark, IntPtr pPrivHostBinder, Boolean throwOnFileNotFound, Boolean forIntrospection, Boolean suppressSecurityChecks)
   在 System.Reflection.RuntimeAssembly.InternalLoadAssemblyName(AssemblyName assemblyRef, Evidence assemblySecurity, RuntimeAssembly reqAssembly, StackCrawlMark& stackMark, IntPtr pPrivHostBinder, Boolean throwOnFileNotFound, Boolean forIntrospection, Boolean suppressSecurityChecks)
   在 System.Reflection.RuntimeAssembly.InternalLoadFrom(String assemblyFile, Evidence securityEvidence, Byte[] hashValue, AssemblyHashAlgorithm hashAlgorithm, Boolean forIntrospection, Boolean suppressSecurityChecks, StackCrawlMark& stackMark)
   在 System.Reflection.Assembly.LoadFrom(String assemblyFile)
   在 RMS.Logging.DbLoggingHelper..cctor() 位置 f:\RMS\RMS\Logging\Appender\ConcreteAppenders\DbLoggingHelper.cs:行号 22
   --- 内部异常堆栈跟踪的结尾 ---
   在 RMS.Logging.DbLoggingHelper.WriteLogToDb(LogEntry logEntry)
   在 RMS.Logging.SqlDbAppender.DoAppender(LogEntry logEntry) 位置 f:\RMS\RMS\Logging\Appender\ConcreteAppenders\SqlDbAppender.cs:行号 29
   在 RMS.Logging.AppenderAttachedImpl.AppendLoopOnAppenders(LogEntry logEntry) 位置 f:\RMS\RMS\Logging\AppenderAttachedImpl.cs:行号 51] |AppendLoopOnAppenders in AppenderAttachedImpl.cs:55
2015-04-17 08:41:24.788【INTERNAL】asus|010| [AppenderAttachedImpl: Failed to append to appender [db]] [System.TypeInitializationException: “RMS.Logging.DbLoggingHelper”的类型初始值设定项引发异常。 ---> System.IO.FileNotFoundException: 未能加载文件或程序集“file:///F:\RMS\RMS\DataAccess\bin\Debug\DataAccess.dll”或它的某一个依赖项。系统找不到指定的文件。
   在 System.Reflection.RuntimeAssembly._nLoad(AssemblyName fileName, String codeBase, Evidence assemblySecurity, RuntimeAssembly locationHint, StackCrawlMark& stackMark, IntPtr pPrivHostBinder, Boolean throwOnFileNotFound, Boolean forIntrospection, Boolean suppressSecurityChecks)
   在 System.Reflection.RuntimeAssembly.nLoad(AssemblyName fileName, String codeBase, Evidence assemblySecurity, RuntimeAssembly locationHint, StackCrawlMark& stackMark, IntPtr pPrivHostBinder, Boolean throwOnFileNotFound, Boolean forIntrospection, Boolean suppressSecurityChecks)
   在 System.Reflection.RuntimeAssembly.InternalLoadAssemblyName(AssemblyName assemblyRef, Evidence assemblySecurity, RuntimeAssembly reqAssembly, StackCrawlMark& stackMark, IntPtr pPrivHostBinder, Boolean throwOnFileNotFound, Boolean forIntrospection, Boolean suppressSecurityChecks)
   在 System.Reflection.RuntimeAssembly.InternalLoadFrom(String assemblyFile, Evidence securityEvidence, Byte[] hashValue, AssemblyHashAlgorithm hashAlgorithm, Boolean forIntrospection, Boolean suppressSecurityChecks, StackCrawlMark& stackMark)
   在 System.Reflection.Assembly.LoadFrom(String assemblyFile)
   在 RMS.Logging.DbLoggingHelper..cctor() 位置 f:\RMS\RMS\Logging\Appender\ConcreteAppenders\DbLoggingHelper.cs:行号 22
   --- 内部异常堆栈跟踪的结尾 ---
   在 RMS.Logging.DbLoggingHelper.WriteLogToDb(LogEntry logEntry)
   在 RMS.Logging.SqlDbAppender.DoAppender(LogEntry logEntry) 位置 f:\RMS\RMS\Logging\Appender\ConcreteAppenders\SqlDbAppender.cs:行号 29
   在 RMS.Logging.AppenderAttachedImpl.AppendLoopOnAppenders(LogEntry logEntry) 位置 f:\RMS\RMS\Logging\AppenderAttachedImpl.cs:行号 51] |AppendLoopOnAppenders in AppenderAttachedImpl.cs:55
2015-04-18 19:49:29.130【INTERNAL】asus|010| [AppenderAttachedImpl: Failed to append to appender [db]] [System.TypeInitializationException: “RMS.Logging.DbLoggingHelper”的类型初始值设定项引发异常。 ---> System.IO.FileNotFoundException: 未能加载文件或程序集“file:///F:\RMS\RMS\DataAccess\bin\Debug\DataAccess.dll”或它的某一个依赖项。系统找不到指定的文件。
   在 System.Reflection.RuntimeAssembly._nLoad(AssemblyName fileName, String codeBase, Evidence assemblySecurity, RuntimeAssembly locationHint, StackCrawlMark& stackMark, IntPtr pPrivHostBinder, Boolean throwOnFileNotFound, Boolean forIntrospection, Boolean suppressSecurityChecks)
   在 System.Reflection.RuntimeAssembly.nLoad(AssemblyName fileName, String codeBase, Evidence assemblySecurity, RuntimeAssembly locationHint, StackCrawlMark& stackMark, IntPtr pPrivHostBinder, Boolean throwOnFileNotFound, Boolean forIntrospection, Boolean suppressSecurityChecks)
   在 System.Reflection.RuntimeAssembly.InternalLoadAssemblyName(AssemblyName assemblyRef, Evidence assemblySecurity, RuntimeAssembly reqAssembly, StackCrawlMark& stackMark, IntPtr pPrivHostBinder, Boolean throwOnFileNotFound, Boolean forIntrospection, Boolean suppressSecurityChecks)
   在 System.Reflection.RuntimeAssembly.InternalLoadFrom(String assemblyFile, Evidence securityEvidence, Byte[] hashValue, AssemblyHashAlgorithm hashAlgorithm, Boolean forIntrospection, Boolean suppressSecurityChecks, StackCrawlMark& stackMark)
   在 System.Reflection.Assembly.LoadFrom(String assemblyFile)
   在 RMS.Logging.DbLoggingHelper..cctor() 位置 f:\RMS\RMS\Logging\Appender\ConcreteAppenders\DbLoggingHelper.cs:行号 22
   --- 内部异常堆栈跟踪的结尾 ---
   在 RMS.Logging.DbLoggingHelper.WriteLogToDb(LogEntry logEntry)
   在 RMS.Logging.SqlDbAppender.DoAppender(LogEntry logEntry) 位置 f:\RMS\RMS\Logging\Appender\ConcreteAppenders\SqlDbAppender.cs:行号 29
   在 RMS.Logging.AppenderAttachedImpl.AppendLoopOnAppenders(LogEntry logEntry) 位置 f:\RMS\RMS\Logging\AppenderAttachedImpl.cs:行号 51] |AppendLoopOnAppenders in AppenderAttachedImpl.cs:55
2015-04-19 17:13:44.089【INTERNAL】asus|009| [AppenderAttachedImpl: Failed to append to appender [db]] [System.TypeInitializationException: “RMS.Logging.DbLoggingHelper”的类型初始值设定项引发异常。 ---> System.IO.FileNotFoundException: 未能加载文件或程序集“file:///F:\RMS\RMS\DataAccess\bin\Debug\DataAccess.dll”或它的某一个依赖项。系统找不到指定的文件。
   在 System.Reflection.RuntimeAssembly._nLoad(AssemblyName fileName, String codeBase, Evidence assemblySecurity, RuntimeAssembly locationHint, StackCrawlMark& stackMark, IntPtr pPrivHostBinder, Boolean throwOnFileNotFound, Boolean forIntrospection, Boolean suppressSecurityChecks)
   在 System.Reflection.RuntimeAssembly.nLoad(AssemblyName fileName, String codeBase, Evidence assemblySecurity, RuntimeAssembly locationHint, StackCrawlMark& stackMark, IntPtr pPrivHostBinder, Boolean throwOnFileNotFound, Boolean forIntrospection, Boolean suppressSecurityChecks)
   在 System.Reflection.RuntimeAssembly.InternalLoadAssemblyName(AssemblyName assemblyRef, Evidence assemblySecurity, RuntimeAssembly reqAssembly, StackCrawlMark& stackMark, IntPtr pPrivHostBinder, Boolean throwOnFileNotFound, Boolean forIntrospection, Boolean suppressSecurityChecks)
   在 System.Reflection.RuntimeAssembly.InternalLoadFrom(String assemblyFile, Evidence securityEvidence, Byte[] hashValue, AssemblyHashAlgorithm hashAlgorithm, Boolean forIntrospection, Boolean suppressSecurityChecks, StackCrawlMark& stackMark)
   在 System.Reflection.Assembly.LoadFrom(String assemblyFile)
   在 RMS.Logging.DbLoggingHelper..cctor() 位置 f:\RMS\RMS\Logging\Appender\ConcreteAppenders\DbLoggingHelper.cs:行号 22
   --- 内部异常堆栈跟踪的结尾 ---
   在 RMS.Logging.DbLoggingHelper.WriteLogToDb(LogEntry logEntry)
   在 RMS.Logging.SqlDbAppender.DoAppender(LogEntry logEntry) 位置 f:\RMS\RMS\Logging\Appender\ConcreteAppenders\SqlDbAppender.cs:行号 29
   在 RMS.Logging.AppenderAttachedImpl.AppendLoopOnAppenders(LogEntry logEntry) 位置 f:\RMS\RMS\Logging\AppenderAttachedImpl.cs:行号 51] |AppendLoopOnAppenders in AppenderAttachedImpl.cs:55
2015-04-19 17:19:43.519【INTERNAL】asus|009| [AppenderAttachedImpl: Failed to append to appender [db]] [System.TypeInitializationException: “RMS.Logging.DbLoggingHelper”的类型初始值设定项引发异常。 ---> System.IO.FileNotFoundException: 未能加载文件或程序集“file:///F:\RMS\RMS\DataAccess\bin\Debug\DataAccess.dll”或它的某一个依赖项。系统找不到指定的文件。
   在 System.Reflection.RuntimeAssembly._nLoad(AssemblyName fileName, String codeBase, Evidence assemblySecurity, RuntimeAssembly locationHint, StackCrawlMark& stackMark, IntPtr pPrivHostBinder, Boolean throwOnFileNotFound, Boolean forIntrospection, Boolean suppressSecurityChecks)
   在 System.Reflection.RuntimeAssembly.nLoad(AssemblyName fileName, String codeBase, Evidence assemblySecurity, RuntimeAssembly locationHint, StackCrawlMark& stackMark, IntPtr pPrivHostBinder, Boolean throwOnFileNotFound, Boolean forIntrospection, Boolean suppressSecurityChecks)
   在 System.Reflection.RuntimeAssembly.InternalLoadAssemblyName(AssemblyName assemblyRef, Evidence assemblySecurity, RuntimeAssembly reqAssembly, StackCrawlMark& stackMark, IntPtr pPrivHostBinder, Boolean throwOnFileNotFound, Boolean forIntrospection, Boolean suppressSecurityChecks)
   在 System.Reflection.RuntimeAssembly.InternalLoadFrom(String assemblyFile, Evidence securityEvidence, Byte[] hashValue, AssemblyHashAlgorithm hashAlgorithm, Boolean forIntrospection, Boolean suppressSecurityChecks, StackCrawlMark& stackMark)
   在 System.Reflection.Assembly.LoadFrom(String assemblyFile)
   在 RMS.Logging.DbLoggingHelper..cctor() 位置 f:\RMS\RMS\Logging\Appender\ConcreteAppenders\DbLoggingHelper.cs:行号 22
   --- 内部异常堆栈跟踪的结尾 ---
   在 RMS.Logging.DbLoggingHelper.WriteLogToDb(LogEntry logEntry)
   在 RMS.Logging.SqlDbAppender.DoAppender(LogEntry logEntry) 位置 f:\RMS\RMS\Logging\Appender\ConcreteAppenders\SqlDbAppender.cs:行号 29
   在 RMS.Logging.AppenderAttachedImpl.AppendLoopOnAppenders(LogEntry logEntry) 位置 f:\RMS\RMS\Logging\AppenderAttachedImpl.cs:行号 51] |AppendLoopOnAppenders in AppenderAttachedImpl.cs:55
2016-10-14 23:15:06.675【INTERNAL】Administrator|001| [AppenderAttachedImpl: Failed to append to appender [db]] [System.TypeInitializationException: “RMS.Logging.DbLoggingHelper”的类型初始值设定项引发异常。 ---> System.IO.FileNotFoundException: 未能加载文件或程序集“file:///F:\RMS\RMS\DataAccess\bin\Debug\DataAccess.dll”或它的某一个依赖项。系统找不到指定的文件。
   在 System.Reflection.RuntimeAssembly._nLoad(AssemblyName fileName, String codeBase, Evidence assemblySecurity, RuntimeAssembly locationHint, StackCrawlMark& stackMark, IntPtr pPrivHostBinder, Boolean throwOnFileNotFound, Boolean forIntrospection, Boolean suppressSecurityChecks)
   在 System.Reflection.RuntimeAssembly.nLoad(AssemblyName fileName, String codeBase, Evidence assemblySecurity, RuntimeAssembly locationHint, StackCrawlMark& stackMark, IntPtr pPrivHostBinder, Boolean throwOnFileNotFound, Boolean forIntrospection, Boolean suppressSecurityChecks)
   在 System.Reflection.RuntimeAssembly.InternalLoadAssemblyName(AssemblyName assemblyRef, Evidence assemblySecurity, RuntimeAssembly reqAssembly, StackCrawlMark& stackMark, IntPtr pPrivHostBinder, Boolean throwOnFileNotFound, Boolean forIntrospection, Boolean suppressSecurityChecks)
   在 System.Reflection.RuntimeAssembly.InternalLoadFrom(String assemblyFile, Evidence securityEvidence, Byte[] hashValue, AssemblyHashAlgorithm hashAlgorithm, Boolean forIntrospection, Boolean suppressSecurityChecks, StackCrawlMark& stackMark)
   在 System.Reflection.Assembly.LoadFrom(String assemblyFile)
   在 RMS.Logging.DbLoggingHelper..cctor() 位置 E:\RMS\RMS\Logging\Appender\ConcreteAppenders\DbLoggingHelper.cs:行号 22
   --- 内部异常堆栈跟踪的结尾 ---
   在 RMS.Logging.DbLoggingHelper.WriteLogToDb(LogEntry logEntry)
   在 RMS.Logging.SqlDbAppender.DoAppender(LogEntry logEntry) 位置 E:\RMS\RMS\Logging\Appender\ConcreteAppenders\SqlDbAppender.cs:行号 29
   在 RMS.Logging.AppenderAttachedImpl.AppendLoopOnAppenders(LogEntry logEntry) 位置 E:\RMS\RMS\Logging\AppenderAttachedImpl.cs:行号 51] |AppendLoopOnAppenders in AppenderAttachedImpl.cs:55
2016-11-17 13:09:37.708【INTERNAL】Administrator|010| [AppenderAttachedImpl: Failed to append to appender [db]] [System.TypeInitializationException: “RMS.Logging.DbLoggingHelper”的类型初始值设定项引发异常。 ---> System.IO.FileNotFoundException: 未能加载文件或程序集“file:///F:\RMS\RMS\DataAccess\bin\Debug\DataAccess.dll”或它的某一个依赖项。系统找不到指定的文件。
   在 System.Reflection.RuntimeAssembly._nLoad(AssemblyName fileName, String codeBase, Evidence assemblySecurity, RuntimeAssembly locationHint, StackCrawlMark& stackMark, IntPtr pPrivHostBinder, Boolean throwOnFileNotFound, Boolean forIntrospection, Boolean suppressSecurityChecks)
   在 System.Reflection.RuntimeAssembly.nLoad(AssemblyName fileName, String codeBase, Evidence assemblySecurity, RuntimeAssembly locationHint, StackCrawlMark& stackMark, IntPtr pPrivHostBinder, Boolean throwOnFileNotFound, Boolean forIntrospection, Boolean suppressSecurityChecks)
   在 System.Reflection.RuntimeAssembly.InternalLoadAssemblyName(AssemblyName assemblyRef, Evidence assemblySecurity, RuntimeAssembly reqAssembly, StackCrawlMark& stackMark, IntPtr pPrivHostBinder, Boolean throwOnFileNotFound, Boolean forIntrospection, Boolean suppressSecurityChecks)
   在 System.Reflection.RuntimeAssembly.InternalLoadFrom(String assemblyFile, Evidence securityEvidence, Byte[] hashValue, AssemblyHashAlgorithm hashAlgorithm, Boolean forIntrospection, Boolean suppressSecurityChecks, StackCrawlMark& stackMark)
   在 System.Reflection.Assembly.LoadFrom(String assemblyFile)
   在 RMS.Logging.DbLoggingHelper..cctor() 位置 E:\RMS\RMS\Logging\Appender\ConcreteAppenders\DbLoggingHelper.cs:行号 22
   --- 内部异常堆栈跟踪的结尾 ---
   在 RMS.Logging.DbLoggingHelper.WriteLogToDb(LogEntry logEntry)
   在 RMS.Logging.SqlDbAppender.DoAppender(LogEntry logEntry) 位置 E:\RMS\RMS\Logging\Appender\ConcreteAppenders\SqlDbAppender.cs:行号 29
   在 RMS.Logging.AppenderAttachedImpl.AppendLoopOnAppenders(LogEntry logEntry) 位置 E:\RMS\RMS\Logging\AppenderAttachedImpl.cs:行号 51] |AppendLoopOnAppenders in AppenderAttachedImpl.cs:55
2016-11-30 08:24:40.200【INTERNAL】Administrator|010| [AppenderAttachedImpl: Failed to append to appender [db]] [System.TypeInitializationException: “RMS.Logging.DbLoggingHelper”的类型初始值设定项引发异常。 ---> System.IO.FileNotFoundException: 未能加载文件或程序集“file:///F:\RMS\RMS\DataAccess\bin\Debug\DataAccess.dll”或它的某一个依赖项。系统找不到指定的文件。
   在 System.Reflection.RuntimeAssembly._nLoad(AssemblyName fileName, String codeBase, Evidence assemblySecurity, RuntimeAssembly locationHint, StackCrawlMark& stackMark, IntPtr pPrivHostBinder, Boolean throwOnFileNotFound, Boolean forIntrospection, Boolean suppressSecurityChecks)
   在 System.Reflection.RuntimeAssembly.nLoad(AssemblyName fileName, String codeBase, Evidence assemblySecurity, RuntimeAssembly locationHint, StackCrawlMark& stackMark, IntPtr pPrivHostBinder, Boolean throwOnFileNotFound, Boolean forIntrospection, Boolean suppressSecurityChecks)
   在 System.Reflection.RuntimeAssembly.InternalLoadAssemblyName(AssemblyName assemblyRef, Evidence assemblySecurity, RuntimeAssembly reqAssembly, StackCrawlMark& stackMark, IntPtr pPrivHostBinder, Boolean throwOnFileNotFound, Boolean forIntrospection, Boolean suppressSecurityChecks)
   在 System.Reflection.RuntimeAssembly.InternalLoadFrom(String assemblyFile, Evidence securityEvidence, Byte[] hashValue, AssemblyHashAlgorithm hashAlgorithm, Boolean forIntrospection, Boolean suppressSecurityChecks, StackCrawlMark& stackMark)
   在 System.Reflection.Assembly.LoadFrom(String assemblyFile)
   在 RMS.Logging.DbLoggingHelper..cctor() 位置 E:\RMS\RMS\Logging\Appender\ConcreteAppenders\DbLoggingHelper.cs:行号 22
   --- 内部异常堆栈跟踪的结尾 ---
   在 RMS.Logging.DbLoggingHelper.WriteLogToDb(LogEntry logEntry)
   在 RMS.Logging.SqlDbAppender.DoAppender(LogEntry logEntry) 位置 E:\RMS\RMS\Logging\Appender\ConcreteAppenders\SqlDbAppender.cs:行号 29
   在 RMS.Logging.AppenderAttachedImpl.AppendLoopOnAppenders(LogEntry logEntry) 位置 E:\RMS\RMS\Logging\AppenderAttachedImpl.cs:行号 51] |AppendLoopOnAppenders in AppenderAttachedImpl.cs:55
2016-11-30 21:09:52.374【INTERNAL】Administrator|007| [AppenderAttachedImpl: Failed to append to appender [db]] [System.TypeInitializationException: “RMS.Logging.DbLoggingHelper”的类型初始值设定项引发异常。 ---> System.IO.FileNotFoundException: 未能加载文件或程序集“file:///F:\RMS\RMS\DataAccess\bin\Debug\DataAccess.dll”或它的某一个依赖项。系统找不到指定的文件。
   在 System.Reflection.RuntimeAssembly._nLoad(AssemblyName fileName, String codeBase, Evidence assemblySecurity, RuntimeAssembly locationHint, StackCrawlMark& stackMark, IntPtr pPrivHostBinder, Boolean throwOnFileNotFound, Boolean forIntrospection, Boolean suppressSecurityChecks)
   在 System.Reflection.RuntimeAssembly.nLoad(AssemblyName fileName, String codeBase, Evidence assemblySecurity, RuntimeAssembly locationHint, StackCrawlMark& stackMark, IntPtr pPrivHostBinder, Boolean throwOnFileNotFound, Boolean forIntrospection, Boolean suppressSecurityChecks)
   在 System.Reflection.RuntimeAssembly.InternalLoadAssemblyName(AssemblyName assemblyRef, Evidence assemblySecurity, RuntimeAssembly reqAssembly, StackCrawlMark& stackMark, IntPtr pPrivHostBinder, Boolean throwOnFileNotFound, Boolean forIntrospection, Boolean suppressSecurityChecks)
   在 System.Reflection.RuntimeAssembly.InternalLoadFrom(String assemblyFile, Evidence securityEvidence, Byte[] hashValue, AssemblyHashAlgorithm hashAlgorithm, Boolean forIntrospection, Boolean suppressSecurityChecks, StackCrawlMark& stackMark)
   在 System.Reflection.Assembly.LoadFrom(String assemblyFile)
   在 RMS.Logging.DbLoggingHelper..cctor() 位置 E:\RMS\RMS\Logging\Appender\ConcreteAppenders\DbLoggingHelper.cs:行号 22
   --- 内部异常堆栈跟踪的结尾 ---
   在 RMS.Logging.DbLoggingHelper.WriteLogToDb(LogEntry logEntry)
   在 RMS.Logging.SqlDbAppender.DoAppender(LogEntry logEntry) 位置 E:\RMS\RMS\Logging\Appender\ConcreteAppenders\SqlDbAppender.cs:行号 29
   在 RMS.Logging.AppenderAttachedImpl.AppendLoopOnAppenders(LogEntry logEntry) 位置 E:\RMS\RMS\Logging\AppenderAttachedImpl.cs:行号 51] |AppendLoopOnAppenders in AppenderAttachedImpl.cs:55
2016-11-30 21:27:34.495【INTERNAL】Administrator|009| [AppenderAttachedImpl: Failed to append to appender [db]] [System.TypeInitializationException: “RMS.Logging.DbLoggingHelper”的类型初始值设定项引发异常。 ---> System.IO.FileNotFoundException: 未能加载文件或程序集“file:///F:\RMS\RMS\DataAccess\bin\Debug\DataAccess.dll”或它的某一个依赖项。系统找不到指定的文件。
   在 System.Reflection.RuntimeAssembly._nLoad(AssemblyName fileName, String codeBase, Evidence assemblySecurity, RuntimeAssembly locationHint, StackCrawlMark& stackMark, IntPtr pPrivHostBinder, Boolean throwOnFileNotFound, Boolean forIntrospection, Boolean suppressSecurityChecks)
   在 System.Reflection.RuntimeAssembly.nLoad(AssemblyName fileName, String codeBase, Evidence assemblySecurity, RuntimeAssembly locationHint, StackCrawlMark& stackMark, IntPtr pPrivHostBinder, Boolean throwOnFileNotFound, Boolean forIntrospection, Boolean suppressSecurityChecks)
   在 System.Reflection.RuntimeAssembly.InternalLoadAssemblyName(AssemblyName assemblyRef, Evidence assemblySecurity, RuntimeAssembly reqAssembly, StackCrawlMark& stackMark, IntPtr pPrivHostBinder, Boolean throwOnFileNotFound, Boolean forIntrospection, Boolean suppressSecurityChecks)
   在 System.Reflection.RuntimeAssembly.InternalLoadFrom(String assemblyFile, Evidence securityEvidence, Byte[] hashValue, AssemblyHashAlgorithm hashAlgorithm, Boolean forIntrospection, Boolean suppressSecurityChecks, StackCrawlMark& stackMark)
   在 System.Reflection.Assembly.LoadFrom(String assemblyFile)
   在 RMS.Logging.DbLoggingHelper..cctor() 位置 E:\RMS\RMS\Logging\Appender\ConcreteAppenders\DbLoggingHelper.cs:行号 22
   --- 内部异常堆栈跟踪的结尾 ---
   在 RMS.Logging.DbLoggingHelper.WriteLogToDb(LogEntry logEntry)
   在 RMS.Logging.SqlDbAppender.DoAppender(LogEntry logEntry) 位置 E:\RMS\RMS\Logging\Appender\ConcreteAppenders\SqlDbAppender.cs:行号 29
   在 RMS.Logging.AppenderAttachedImpl.AppendLoopOnAppenders(LogEntry logEntry) 位置 E:\RMS\RMS\Logging\AppenderAttachedImpl.cs:行号 51] |AppendLoopOnAppenders in AppenderAttachedImpl.cs:55
2016-11-30 21:28:51.661【INTERNAL】Administrator|009| [AppenderAttachedImpl: Failed to append to appender [db]] [System.TypeInitializationException: “RMS.Logging.DbLoggingHelper”的类型初始值设定项引发异常。 ---> System.IO.FileNotFoundException: 未能加载文件或程序集“file:///F:\RMS\RMS\DataAccess\bin\Debug\DataAccess.dll”或它的某一个依赖项。系统找不到指定的文件。
   在 System.Reflection.RuntimeAssembly._nLoad(AssemblyName fileName, String codeBase, Evidence assemblySecurity, RuntimeAssembly locationHint, StackCrawlMark& stackMark, IntPtr pPrivHostBinder, Boolean throwOnFileNotFound, Boolean forIntrospection, Boolean suppressSecurityChecks)
   在 System.Reflection.RuntimeAssembly.nLoad(AssemblyName fileName, String codeBase, Evidence assemblySecurity, RuntimeAssembly locationHint, StackCrawlMark& stackMark, IntPtr pPrivHostBinder, Boolean throwOnFileNotFound, Boolean forIntrospection, Boolean suppressSecurityChecks)
   在 System.Reflection.RuntimeAssembly.InternalLoadAssemblyName(AssemblyName assemblyRef, Evidence assemblySecurity, RuntimeAssembly reqAssembly, StackCrawlMark& stackMark, IntPtr pPrivHostBinder, Boolean throwOnFileNotFound, Boolean forIntrospection, Boolean suppressSecurityChecks)
   在 System.Reflection.RuntimeAssembly.InternalLoadFrom(String assemblyFile, Evidence securityEvidence, Byte[] hashValue, AssemblyHashAlgorithm hashAlgorithm, Boolean forIntrospection, Boolean suppressSecurityChecks, StackCrawlMark& stackMark)
   在 System.Reflection.Assembly.LoadFrom(String assemblyFile)
   在 RMS.Logging.DbLoggingHelper..cctor() 位置 E:\RMS\RMS\Logging\Appender\ConcreteAppenders\DbLoggingHelper.cs:行号 22
   --- 内部异常堆栈跟踪的结尾 ---
   在 RMS.Logging.DbLoggingHelper.WriteLogToDb(LogEntry logEntry)
   在 RMS.Logging.SqlDbAppender.DoAppender(LogEntry logEntry) 位置 E:\RMS\RMS\Logging\Appender\ConcreteAppenders\SqlDbAppender.cs:行号 29
   在 RMS.Logging.AppenderAttachedImpl.AppendLoopOnAppenders(LogEntry logEntry) 位置 E:\RMS\RMS\Logging\AppenderAttachedImpl.cs:行号 51] |AppendLoopOnAppenders in AppenderAttachedImpl.cs:55
2016-11-30 21:29:43.324【INTERNAL】Administrator|010| [AppenderAttachedImpl: Failed to append to appender [db]] [System.TypeInitializationException: “RMS.Logging.DbLoggingHelper”的类型初始值设定项引发异常。 ---> System.IO.FileNotFoundException: 未能加载文件或程序集“file:///F:\RMS\RMS\DataAccess\bin\Debug\DataAccess.dll”或它的某一个依赖项。系统找不到指定的文件。
   在 System.Reflection.RuntimeAssembly._nLoad(AssemblyName fileName, String codeBase, Evidence assemblySecurity, RuntimeAssembly locationHint, StackCrawlMark& stackMark, IntPtr pPrivHostBinder, Boolean throwOnFileNotFound, Boolean forIntrospection, Boolean suppressSecurityChecks)
   在 System.Reflection.RuntimeAssembly.nLoad(AssemblyName fileName, String codeBase, Evidence assemblySecurity, RuntimeAssembly locationHint, StackCrawlMark& stackMark, IntPtr pPrivHostBinder, Boolean throwOnFileNotFound, Boolean forIntrospection, Boolean suppressSecurityChecks)
   在 System.Reflection.RuntimeAssembly.InternalLoadAssemblyName(AssemblyName assemblyRef, Evidence assemblySecurity, RuntimeAssembly reqAssembly, StackCrawlMark& stackMark, IntPtr pPrivHostBinder, Boolean throwOnFileNotFound, Boolean forIntrospection, Boolean suppressSecurityChecks)
   在 System.Reflection.RuntimeAssembly.InternalLoadFrom(String assemblyFile, Evidence securityEvidence, Byte[] hashValue, AssemblyHashAlgorithm hashAlgorithm, Boolean forIntrospection, Boolean suppressSecurityChecks, StackCrawlMark& stackMark)
   在 System.Reflection.Assembly.LoadFrom(String assemblyFile)
   在 RMS.Logging.DbLoggingHelper..cctor() 位置 E:\RMS\RMS\Logging\Appender\ConcreteAppenders\DbLoggingHelper.cs:行号 22
   --- 内部异常堆栈跟踪的结尾 ---
   在 RMS.Logging.DbLoggingHelper.WriteLogToDb(LogEntry logEntry)
   在 RMS.Logging.SqlDbAppender.DoAppender(LogEntry logEntry) 位置 E:\RMS\RMS\Logging\Appender\ConcreteAppenders\SqlDbAppender.cs:行号 29
   在 RMS.Logging.AppenderAttachedImpl.AppendLoopOnAppenders(LogEntry logEntry) 位置 E:\RMS\RMS\Logging\AppenderAttachedImpl.cs:行号 51] |AppendLoopOnAppenders in AppenderAttachedImpl.cs:55
2016-11-30 21:30:15.099【INTERNAL】Administrator|010| [AppenderAttachedImpl: Failed to append to appender [db]] [System.TypeInitializationException: “RMS.Logging.DbLoggingHelper”的类型初始值设定项引发异常。 ---> System.IO.FileNotFoundException: 未能加载文件或程序集“file:///F:\RMS\RMS\DataAccess\bin\Debug\DataAccess.dll”或它的某一个依赖项。系统找不到指定的文件。
   在 System.Reflection.RuntimeAssembly._nLoad(AssemblyName fileName, String codeBase, Evidence assemblySecurity, RuntimeAssembly locationHint, StackCrawlMark& stackMark, IntPtr pPrivHostBinder, Boolean throwOnFileNotFound, Boolean forIntrospection, Boolean suppressSecurityChecks)
   在 System.Reflection.RuntimeAssembly.nLoad(AssemblyName fileName, String codeBase, Evidence assemblySecurity, RuntimeAssembly locationHint, StackCrawlMark& stackMark, IntPtr pPrivHostBinder, Boolean throwOnFileNotFound, Boolean forIntrospection, Boolean suppressSecurityChecks)
   在 System.Reflection.RuntimeAssembly.InternalLoadAssemblyName(AssemblyName assemblyRef, Evidence assemblySecurity, RuntimeAssembly reqAssembly, StackCrawlMark& stackMark, IntPtr pPrivHostBinder, Boolean throwOnFileNotFound, Boolean forIntrospection, Boolean suppressSecurityChecks)
   在 System.Reflection.RuntimeAssembly.InternalLoadFrom(String assemblyFile, Evidence securityEvidence, Byte[] hashValue, AssemblyHashAlgorithm hashAlgorithm, Boolean forIntrospection, Boolean suppressSecurityChecks, StackCrawlMark& stackMark)
   在 System.Reflection.Assembly.LoadFrom(String assemblyFile)
   在 RMS.Logging.DbLoggingHelper..cctor() 位置 E:\RMS\RMS\Logging\Appender\ConcreteAppenders\DbLoggingHelper.cs:行号 22
   --- 内部异常堆栈跟踪的结尾 ---
   在 RMS.Logging.DbLoggingHelper.WriteLogToDb(LogEntry logEntry)
   在 RMS.Logging.SqlDbAppender.DoAppender(LogEntry logEntry) 位置 E:\RMS\RMS\Logging\Appender\ConcreteAppenders\SqlDbAppender.cs:行号 29
   在 RMS.Logging.AppenderAttachedImpl.AppendLoopOnAppenders(LogEntry logEntry) 位置 E:\RMS\RMS\Logging\AppenderAttachedImpl.cs:行号 51] |AppendLoopOnAppenders in AppenderAttachedImpl.cs:55
